2024-05-31 02:20:18,412 - INFO - Authenticating with Azure...
2024-05-31 02:20:18,412 - INFO - No environment configuration found.
2024-05-31 02:20:18,413 - INFO - ManagedIdentityCredential will use IMDS
2024-05-31 02:20:18,414 - INFO - Starting resource creation or update process...
2024-05-31 02:20:18,422 - INFO - Request URL: 'http://169.254.169.254/metadata/identity/oauth2/token?api-version=REDACTED&resource=REDACTED'
Request method: 'GET'
Request headers:
    'User-Agent': 'azsdk-python-identity/1.16.0 Python/3.11.2 (macOS-14.5-arm64-arm-64bit)'
No body was attached to the request
2024-05-31 02:20:20,658 - INFO - DefaultAzureCredential acquired a token from AzureCliCredential
2024-05-31 02:20:20,659 - INFO - Request URL: 'https://management.azure.com/subscriptions/c65c2f3a-5807-4010-be26-9f1bd8ae3d9f/resourcegroups/python-testing?api-version=REDACTED'
Request method: 'PUT'
Request headers:
    'Content-Type': 'application/json'
    'Content-Length': '22'
    'Accept': 'application/json'
    'x-ms-client-request-id': '783f4b6c-1f0d-11ef-93d2-e2cee30b9ab4'
    'User-Agent': 'azsdk-python-azure-mgmt-resource/23.1.1 Python/3.11.2 (macOS-14.5-arm64-arm-64bit)'
    'Authorization': 'REDACTED'
A body is sent with the request
2024-05-31 02:20:21,954 - INFO - Response status: 200
Response headers:
    'Cache-Control': 'no-cache'
    'Pragma': 'no-cache'
    'Content-Length': '261'
    'Content-Type': 'application/json; charset=utf-8'
    'Expires': '-1'
    'x-ms-ratelimit-remaining-subscription-writes': '1199'
    'x-ms-request-id': '20262487-9b3d-4842-b7e0-83e4a4df5aee'
    'x-ms-correlation-request-id': 'REDACTED'
    'x-ms-routing-request-id': 'REDACTED'
    'Strict-Transport-Security': 'REDACTED'
    'X-Content-Type-Options': 'REDACTED'
    'X-Cache': 'REDACTED'
    'X-MSEdge-Ref': 'REDACTED'
    'Date': 'Fri, 31 May 2024 05:20:21 GMT'
2024-05-31 02:20:21,956 - INFO - Resource group 'python-testing' ensured.
2024-05-31 02:20:22,239 - INFO - AzureCliCredential.get_token succeeded
2024-05-31 02:20:22,239 - INFO - DefaultAzureCredential acquired a token from AzureCliCredential
2024-05-31 02:20:22,239 - INFO - Request URL: 'https://management.azure.com/subscriptions/c65c2f3a-5807-4010-be26-9f1bd8ae3d9f/resourceGroups/python-testing/providers/Microsoft.Network/virtualNetworks/pytesting-vnet?api-version=REDACTED'
Request method: 'GET'
Request headers:
    'Accept': 'application/json'
    'x-ms-client-request-id': '7a5b457c-1f0d-11ef-93d2-e2cee30b9ab4'
    'User-Agent': 'azsdk-python-azure-mgmt-compute/31.0.0 Python/3.12.4 (Windows-11-10.0.22631-SP0)'
    'Authorization': 'REDACTED'
No body was attached to the request
2024-05-31 02:20:22,498 - INFO - Response status: 404
Response headers:
    'Cache-Control': 'no-cache'
    'Pragma': 'no-cache'
    'Content-Length': '250'
    'Content-Type': 'application/json; charset=utf-8'
    'Expires': '-1'
    'x-ms-failure-cause': 'REDACTED'
    'x-ms-request-id': '30a96ee5-465d-4235-884f-62a285fb2ee1'
    'x-ms-correlation-request-id': 'REDACTED'
    'x-ms-routing-request-id': 'REDACTED'
    'Strict-Transport-Security': 'REDACTED'
    'X-Content-Type-Options': 'REDACTED'
    'X-Cache': 'REDACTED'
    'X-MSEdge-Ref': 'REDACTED'
    'Date': 'Fri, 31 May 2024 05:20:22 GMT'
2024-05-31 02:20:22,503 - INFO - Request URL: 'https://management.azure.com/subscriptions/c65c2f3a-5807-4010-be26-9f1bd8ae3d9f/resourceGroups/python-testing/providers/Microsoft.Network/virtualNetworks/pytesting-vnet?api-version=REDACTED'
Request method: 'PUT'
Request headers:
    'Content-Type': 'application/json'
    'Content-Length': '152'
    'Accept': 'application/json'
    'x-ms-client-request-id': '7aade89a-1f0d-11ef-93d2-e2cee30b9ab4'
    'User-Agent': 'azsdk-python-azure-mgmt-compute/31.0.0 Python/3.12.4 (Windows-11-10.0.22631-SP0)'
    'Authorization': 'REDACTED'
A body is sent with the request
2024-05-31 02:20:24,793 - INFO - Response status: 201
Response headers:
    'Cache-Control': 'no-cache'
    'Pragma': 'no-cache'
    'Content-Length': '523'
    'Content-Type': 'application/json; charset=utf-8'
    'Expires': '-1'
    'Retry-After': '3'
    'x-ms-request-id': 'c151444b-9b83-4d13-a331-c3e8b1f4362a'
    'Azure-AsyncOperation': 'REDACTED'
    'x-ms-correlation-request-id': 'REDACTED'
    'Azure-AsyncNotification': 'REDACTED'
    'x-ms-arm-service-request-id': 'REDACTED'
    'Strict-Transport-Security': 'REDACTED'
    'x-ms-ratelimit-remaining-subscription-writes': '1199'
    'x-ms-routing-request-id': 'REDACTED'
    'X-Content-Type-Options': 'REDACTED'
    'X-Cache': 'REDACTED'
    'X-MSEdge-Ref': 'REDACTED'
    'Date': 'Fri, 31 May 2024 05:20:24 GMT'
2024-05-31 02:20:24,803 - INFO - Request URL: 'https://management.azure.com/subscriptions/c65c2f3a-5807-4010-be26-9f1bd8ae3d9f/providers/Microsoft.Network/locations/eastus/operations/c151444b-9b83-4d13-a331-c3e8b1f4362a?api-version=REDACTED&t=REDACTED&c=REDACTED&s=REDACTED&h=REDACTED'
Request method: 'GET'
Request headers:
    'x-ms-client-request-id': '7aade89a-1f0d-11ef-93d2-e2cee30b9ab4'
    'User-Agent': 'azsdk-python-azure-mgmt-compute/31.0.0 Python/3.12.4 (Windows-11-10.0.22631-SP0)'
    'Authorization': 'REDACTED'
No body was attached to the request
2024-05-31 02:20:25,186 - INFO - Response status: 200
Response headers:
    'Cache-Control': 'no-cache'
    'Pragma': 'no-cache'
    'Content-Length': '23'
    'Content-Type': 'application/json; charset=utf-8'
    'Expires': '-1'
    'Retry-After': '10'
    'x-ms-request-id': '0820bf57-092b-43a7-8aeb-16dea0294404'
    'x-ms-correlation-request-id': 'REDACTED'
    'x-ms-arm-service-request-id': 'REDACTED'
    'Strict-Transport-Security': 'REDACTED'
    'x-ms-ratelimit-remaining-subscription-reads': '11992'
    'x-ms-routing-request-id': 'REDACTED'
    'X-Content-Type-Options': 'REDACTED'
    'X-Cache': 'REDACTED'
    'X-MSEdge-Ref': 'REDACTED'
    'Date': 'Fri, 31 May 2024 05:20:24 GMT'
2024-05-31 02:20:35,193 - INFO - Request URL: 'https://management.azure.com/subscriptions/c65c2f3a-5807-4010-be26-9f1bd8ae3d9f/providers/Microsoft.Network/locations/eastus/operations/c151444b-9b83-4d13-a331-c3e8b1f4362a?api-version=REDACTED&t=REDACTED&c=REDACTED&s=REDACTED&h=REDACTED'
Request method: 'GET'
Request headers:
    'x-ms-client-request-id': '7aade89a-1f0d-11ef-93d2-e2cee30b9ab4'
    'User-Agent': 'azsdk-python-azure-mgmt-compute/31.0.0 Python/3.12.4 (Windows-11-10.0.22631-SP0)'
    'Authorization': 'REDACTED'
No body was attached to the request
2024-05-31 02:20:35,743 - INFO - Response status: 200
Response headers:
    'Cache-Control': 'no-cache'
    'Pragma': 'no-cache'
    'Content-Length': '22'
    'Content-Type': 'application/json; charset=utf-8'
    'Expires': '-1'
    'x-ms-request-id': 'bf989e9b-2255-44e2-8ea5-98c067c271c9'
    'x-ms-correlation-request-id': 'REDACTED'
    'x-ms-arm-service-request-id': 'REDACTED'
    'Strict-Transport-Security': 'REDACTED'
    'x-ms-ratelimit-remaining-subscription-reads': '11995'
    'x-ms-routing-request-id': 'REDACTED'
    'X-Content-Type-Options': 'REDACTED'
    'X-Cache': 'REDACTED'
    'X-MSEdge-Ref': 'REDACTED'
    'Date': 'Fri, 31 May 2024 05:20:35 GMT'
2024-05-31 02:20:35,743 - INFO - Request URL: 'https://management.azure.com/subscriptions/c65c2f3a-5807-4010-be26-9f1bd8ae3d9f/resourceGroups/python-testing/providers/Microsoft.Network/virtualNetworks/pytesting-vnet?api-version=REDACTED'
Request method: 'GET'
Request headers:
    'x-ms-client-request-id': '7aade89a-1f0d-11ef-93d2-e2cee30b9ab4'
    'User-Agent': 'azsdk-python-azure-mgmt-compute/31.0.0 Python/3.12.4 (Windows-11-10.0.22631-SP0)'
    'Authorization': 'REDACTED'
No body was attached to the request
2024-05-31 02:20:36,248 - INFO - Response status: 200
Response headers:
    'Cache-Control': 'no-cache'
    'Pragma': 'no-cache'
    'Content-Length': '524'
    'Content-Type': 'application/json; charset=utf-8'
    'Expires': '-1'
    'ETag': 'W/"ad27b4fc-b514-4eff-bf91-45d3b1ced31f"'
    'x-ms-request-id': 'bfa415ac-01ae-4344-bff7-69d5bf1e6c41'
    'x-ms-correlation-request-id': 'REDACTED'
    'x-ms-arm-service-request-id': 'REDACTED'
    'Strict-Transport-Security': 'REDACTED'
    'x-ms-ratelimit-remaining-subscription-reads': '11992'
    'x-ms-routing-request-id': 'REDACTED'
    'X-Content-Type-Options': 'REDACTED'
    'X-Cache': 'REDACTED'
    'X-MSEdge-Ref': 'REDACTED'
    'Date': 'Fri, 31 May 2024 05:20:35 GMT'
2024-05-31 02:20:36,252 - INFO - Virtual network created.
2024-05-31 02:20:36,256 - INFO - Request URL: 'https://management.azure.com/subscriptions/c65c2f3a-5807-4010-be26-9f1bd8ae3d9f/resourceGroups/python-testing/providers/Microsoft.Network/virtualNetworks/pytesting-vnet/subnets/pytesting-subnet-1?api-version=REDACTED'
Request method: 'GET'
Request headers:
    'Accept': 'application/json'
    'x-ms-client-request-id': '82e084aa-1f0d-11ef-93d2-e2cee30b9ab4'
    'User-Agent': 'azsdk-python-azure-mgmt-compute/31.0.0 Python/3.12.4 (Windows-11-10.0.22631-SP0)'
    'Authorization': 'REDACTED'
No body was attached to the request
2024-05-31 02:20:37,271 - INFO - Response status: 404
Response headers:
    'Cache-Control': 'no-cache'
    'Pragma': 'no-cache'
    'Content-Length': '256'
    'Content-Type': 'application/json; charset=utf-8'
    'Expires': '-1'
    'x-ms-request-id': '41fc5b27-c1e1-4c9a-b3e2-b01add1ddc72'
    'x-ms-correlation-request-id': 'REDACTED'
    'x-ms-arm-service-request-id': 'REDACTED'
    'Strict-Transport-Security': 'REDACTED'
    'x-ms-ratelimit-remaining-subscription-reads': '11992'
    'x-ms-routing-request-id': 'REDACTED'
    'X-Content-Type-Options': 'REDACTED'
    'X-Cache': 'REDACTED'
    'X-MSEdge-Ref': 'REDACTED'
    'Date': 'Fri, 31 May 2024 05:20:36 GMT'
2024-05-31 02:20:37,275 - INFO - Request URL: 'https://management.azure.com/subscriptions/c65c2f3a-5807-4010-be26-9f1bd8ae3d9f/resourceGroups/python-testing/providers/Microsoft.Network/virtualNetworks/pytesting-vnet/subnets/pytesting-subnet-1?api-version=REDACTED'
Request method: 'PUT'
Request headers:
    'Content-Type': 'application/json'
    'Content-Length': '142'
    'Accept': 'application/json'
    'x-ms-client-request-id': '837c06dc-1f0d-11ef-93d2-e2cee30b9ab4'
    'User-Agent': 'azsdk-python-azure-mgmt-compute/31.0.0 Python/3.12.4 (Windows-11-10.0.22631-SP0)'
    'Authorization': 'REDACTED'
A body is sent with the request
2024-05-31 02:20:38,093 - INFO - Response status: 201
Response headers:
    'Cache-Control': 'no-cache'
    'Pragma': 'no-cache'
    'Content-Length': '502'
    'Content-Type': 'application/json; charset=utf-8'
    'Expires': '-1'
    'Retry-After': '3'
    'x-ms-request-id': '1b6c0a3b-9a18-4b33-9de6-761a9dfadea4'
    'Azure-AsyncOperation': 'REDACTED'
    'x-ms-correlation-request-id': 'REDACTED'
    'Azure-AsyncNotification': 'REDACTED'
    'x-ms-arm-service-request-id': 'REDACTED'
    'Strict-Transport-Security': 'REDACTED'
    'x-ms-ratelimit-remaining-subscription-writes': '1199'
    'x-ms-routing-request-id': 'REDACTED'
    'X-Content-Type-Options': 'REDACTED'
    'X-Cache': 'REDACTED'
    'X-MSEdge-Ref': 'REDACTED'
    'Date': 'Fri, 31 May 2024 05:20:37 GMT'
2024-05-31 02:20:38,096 - INFO - Request URL: 'https://management.azure.com/subscriptions/c65c2f3a-5807-4010-be26-9f1bd8ae3d9f/providers/Microsoft.Network/locations/eastus/operations/1b6c0a3b-9a18-4b33-9de6-761a9dfadea4?api-version=REDACTED&t=REDACTED&c=REDACTED&s=REDACTED&h=REDACTED'
Request method: 'GET'
Request headers:
    'x-ms-client-request-id': '837c06dc-1f0d-11ef-93d2-e2cee30b9ab4'
    'User-Agent': 'azsdk-python-azure-mgmt-compute/31.0.0 Python/3.12.4 (Windows-11-10.0.22631-SP0)'
    'Authorization': 'REDACTED'
No body was attached to the request
2024-05-31 02:20:38,397 - INFO - Response status: 200
Response headers:
    'Cache-Control': 'no-cache'
    'Pragma': 'no-cache'
    'Content-Length': '22'
    'Content-Type': 'application/json; charset=utf-8'
    'Expires': '-1'
    'x-ms-request-id': '9e267ae4-fdec-4482-af81-7d16ce2ea071'
    'x-ms-correlation-request-id': 'REDACTED'
    'x-ms-arm-service-request-id': 'REDACTED'
    'Strict-Transport-Security': 'REDACTED'
    'x-ms-ratelimit-remaining-subscription-reads': '11996'
    'x-ms-routing-request-id': 'REDACTED'
    'X-Content-Type-Options': 'REDACTED'
    'X-Cache': 'REDACTED'
    'X-MSEdge-Ref': 'REDACTED'
    'Date': 'Fri, 31 May 2024 05:20:38 GMT'
2024-05-31 02:20:38,398 - INFO - Request URL: 'https://management.azure.com/subscriptions/c65c2f3a-5807-4010-be26-9f1bd8ae3d9f/resourceGroups/python-testing/providers/Microsoft.Network/virtualNetworks/pytesting-vnet/subnets/pytesting-subnet-1?api-version=REDACTED'
Request method: 'GET'
Request headers:
    'x-ms-client-request-id': '837c06dc-1f0d-11ef-93d2-e2cee30b9ab4'
    'User-Agent': 'azsdk-python-azure-mgmt-compute/31.0.0 Python/3.12.4 (Windows-11-10.0.22631-SP0)'
    'Authorization': 'REDACTED'
No body was attached to the request
2024-05-31 02:20:38,774 - INFO - Response status: 200
Response headers:
    'Cache-Control': 'no-cache'
    'Pragma': 'no-cache'
    'Content-Length': '503'
    'Content-Type': 'application/json; charset=utf-8'
    'Expires': '-1'
    'ETag': 'W/"cf3f4816-e7d2-455a-90ea-b7a7e0a5a88e"'
    'x-ms-request-id': '963d7609-ce71-4e7b-a5cd-538652d87452'
    'x-ms-correlation-request-id': 'REDACTED'
    'x-ms-arm-service-request-id': 'REDACTED'
    'Strict-Transport-Security': 'REDACTED'
    'x-ms-ratelimit-remaining-subscription-reads': '11994'
    'x-ms-routing-request-id': 'REDACTED'
    'X-Content-Type-Options': 'REDACTED'
    'X-Cache': 'REDACTED'
    'X-MSEdge-Ref': 'REDACTED'
    'Date': 'Fri, 31 May 2024 05:20:38 GMT'
2024-05-31 02:20:38,775 - INFO - Subnet created.
2024-05-31 02:20:38,776 - INFO - Request URL: 'https://management.azure.com/subscriptions/c65c2f3a-5807-4010-be26-9f1bd8ae3d9f/resourceGroups/python-testing/providers/Microsoft.Network/networkInterfaces/pytesting-vm-nic?api-version=REDACTED'
Request method: 'GET'
Request headers:
    'Accept': 'application/json'
    'x-ms-client-request-id': '84610070-1f0d-11ef-93d2-e2cee30b9ab4'
    'User-Agent': 'azsdk-python-azure-mgmt-compute/31.0.0 Python/3.12.4 (Windows-11-10.0.22631-SP0)'
    'Authorization': 'REDACTED'
No body was attached to the request
2024-05-31 02:20:38,990 - INFO - Response status: 404
Response headers:
    'Cache-Control': 'no-cache'
    'Pragma': 'no-cache'
    'Content-Length': '254'
    'Content-Type': 'application/json; charset=utf-8'
    'Expires': '-1'
    'x-ms-failure-cause': 'REDACTED'
    'x-ms-request-id': '84a1bea0-ab69-4abc-b20f-9cb481dc5e43'
    'x-ms-correlation-request-id': 'REDACTED'
    'x-ms-routing-request-id': 'REDACTED'
    'Strict-Transport-Security': 'REDACTED'
    'X-Content-Type-Options': 'REDACTED'
    'X-Cache': 'REDACTED'
    'X-MSEdge-Ref': 'REDACTED'
    'Date': 'Fri, 31 May 2024 05:20:38 GMT'
2024-05-31 02:20:38,993 - INFO - Request URL: 'https://management.azure.com/subscriptions/c65c2f3a-5807-4010-be26-9f1bd8ae3d9f/resourceGroups/python-testing/providers/Microsoft.Network/networkInterfaces/pytesting-vm-nic?api-version=REDACTED'
Request method: 'PUT'
Request headers:
    'Content-Type': 'application/json'
    'Content-Length': '302'
    'Accept': 'application/json'
    'x-ms-client-request-id': '84822444-1f0d-11ef-93d2-e2cee30b9ab4'
    'User-Agent': 'azsdk-python-azure-mgmt-compute/31.0.0 Python/3.12.4 (Windows-11-10.0.22631-SP0)'
    'Authorization': 'REDACTED'
A body is sent with the request
2024-05-31 02:20:40,136 - INFO - Response status: 201
Response headers:
    'Cache-Control': 'no-cache'
    'Pragma': 'no-cache'
    'Content-Length': '1538'
    'Content-Type': 'application/json; charset=utf-8'
    'Expires': '-1'
    'x-ms-request-id': '7db58e01-8f8f-4729-a38c-dcaa6efe686e'
    'x-ms-correlation-request-id': 'REDACTED'
    'x-ms-arm-service-request-id': 'REDACTED'
    'Strict-Transport-Security': 'REDACTED'
    'x-ms-ratelimit-remaining-subscription-writes': '1199'
    'x-ms-routing-request-id': 'REDACTED'
    'X-Content-Type-Options': 'REDACTED'
    'X-Cache': 'REDACTED'
    'X-MSEdge-Ref': 'REDACTED'
    'Date': 'Fri, 31 May 2024 05:20:39 GMT'
2024-05-31 02:20:40,138 - INFO - Network interface created.
2024-05-31 02:20:40,378 - INFO - AzureCliCredential.get_token succeeded
2024-05-31 02:20:40,378 - INFO - DefaultAzureCredential acquired a token from AzureCliCredential
2024-05-31 02:20:40,378 - INFO - Request URL: 'https://management.azure.com/subscriptions/c65c2f3a-5807-4010-be26-9f1bd8ae3d9f/resourceGroups/python-testing/providers/Microsoft.Compute/virtualMachines/pytesting-vm?api-version=REDACTED'
Request method: 'GET'
Request headers:
    'Accept': 'application/json'
    'x-ms-client-request-id': '85310950-1f0d-11ef-93d2-e2cee30b9ab4'
    'User-Agent': 'azsdk-python-azure-mgmt-compute/31.0.0 Python/3.11.2 (macOS-14.5-arm64-arm-64bit)'
    'Authorization': 'REDACTED'
No body was attached to the request
2024-05-31 02:20:41,200 - INFO - Response status: 404
Response headers:
    'Cache-Control': 'no-cache'
    'Pragma': 'no-cache'
    'Content-Length': '248'
    'Content-Type': 'application/json; charset=utf-8'
    'Expires': '-1'
    'x-ms-failure-cause': 'REDACTED'
    'x-ms-request-id': '3145a0f6-10b7-465e-bd18-208724fc0976'
    'x-ms-correlation-request-id': 'REDACTED'
    'x-ms-routing-request-id': 'REDACTED'
    'Strict-Transport-Security': 'REDACTED'
    'X-Content-Type-Options': 'REDACTED'
    'X-Cache': 'REDACTED'
    'X-MSEdge-Ref': 'REDACTED'
    'Date': 'Fri, 31 May 2024 05:20:40 GMT'
2024-05-31 02:20:41,203 - INFO - Request URL: 'https://management.azure.com/subscriptions/c65c2f3a-5807-4010-be26-9f1bd8ae3d9f/resourceGroups/python-testing/providers/Microsoft.Compute/virtualMachines/pytesting-vm?api-version=REDACTED'
Request method: 'PUT'
Request headers:
    'Content-Type': 'application/json'
    'Content-Length': '568'
    'Accept': 'application/json'
    'x-ms-client-request-id': '85d34fa8-1f0d-11ef-93d2-e2cee30b9ab4'
    'User-Agent': 'azsdk-python-azure-mgmt-compute/31.0.0 Python/3.11.2 (macOS-14.5-arm64-arm-64bit)'
    'Authorization': 'REDACTED'
A body is sent with the request
2024-05-31 02:20:44,453 - INFO - Response status: 201
Response headers:
    'Cache-Control': 'no-cache'
    'Pragma': 'no-cache'
    'Content-Length': '1739'
    'Content-Type': 'application/json; charset=utf-8'
    'Expires': '-1'
    'Retry-After': '10'
    'Azure-AsyncOperation': 'REDACTED'
    'azure-asyncnotification': 'REDACTED'
    'x-ms-ratelimit-remaining-resource': 'Microsoft.Compute/PutVMSubscriptionMaximum;1499,Microsoft.Compute/PutVMResource;11'
    'Strict-Transport-Security': 'REDACTED'
    'x-ms-request-id': '211c6e99-c40b-4829-b091-1bd3e0382735'
    'x-ms-ratelimit-remaining-subscription-writes': '1199'
    'x-ms-correlation-request-id': 'REDACTED'
    'x-ms-routing-request-id': 'REDACTED'
    'X-Content-Type-Options': 'REDACTED'
    'X-Cache': 'REDACTED'
    'X-MSEdge-Ref': 'REDACTED'
    'Date': 'Fri, 31 May 2024 05:20:43 GMT'
2024-05-31 02:20:44,463 - INFO - Request URL: 'https://management.azure.com/subscriptions/c65c2f3a-5807-4010-be26-9f1bd8ae3d9f/providers/Microsoft.Compute/locations/eastus/operations/211c6e99-c40b-4829-b091-1bd3e0382735?p=REDACTED&api-version=REDACTED&t=REDACTED&c=REDACTED&s=REDACTED&h=REDACTED'
Request method: 'GET'
Request headers:
    'x-ms-client-request-id': '85d34fa8-1f0d-11ef-93d2-e2cee30b9ab4'
    'User-Agent': 'azsdk-python-azure-mgmt-compute/31.0.0 Python/3.11.2 (macOS-14.5-arm64-arm-64bit)'
    'Authorization': 'REDACTED'
No body was attached to the request
2024-05-31 02:20:45,069 - INFO - Response status: 200
Response headers:
    'Cache-Control': 'no-cache'
    'Pragma': 'no-cache'
    'Content-Length': '134'
    'Content-Type': 'application/json; charset=utf-8'
    'Expires': '-1'
    'Retry-After': '4'
    'x-ms-ratelimit-remaining-resource': 'Microsoft.Compute/GetOperationResource;44,Microsoft.Compute/GetOperationSubscriptionMaximum;14999'
    'Strict-Transport-Security': 'REDACTED'
    'x-ms-request-id': '4443ffa7-86fc-4495-8ed8-e1a54bebb268'
    'x-ms-ratelimit-remaining-subscription-reads': '11995'
    'x-ms-correlation-request-id': 'REDACTED'
    'x-ms-routing-request-id': 'REDACTED'
    'X-Content-Type-Options': 'REDACTED'
    'X-Cache': 'REDACTED'
    'X-MSEdge-Ref': 'REDACTED'
    'Date': 'Fri, 31 May 2024 05:20:44 GMT'
2024-05-31 02:20:49,075 - INFO - Request URL: 'https://management.azure.com/subscriptions/c65c2f3a-5807-4010-be26-9f1bd8ae3d9f/providers/Microsoft.Compute/locations/eastus/operations/211c6e99-c40b-4829-b091-1bd3e0382735?p=REDACTED&api-version=REDACTED&t=REDACTED&c=REDACTED&s=REDACTED&h=REDACTED'
Request method: 'GET'
Request headers:
    'x-ms-client-request-id': '85d34fa8-1f0d-11ef-93d2-e2cee30b9ab4'
    'User-Agent': 'azsdk-python-azure-mgmt-compute/31.0.0 Python/3.11.2 (macOS-14.5-arm64-arm-64bit)'
    'Authorization': 'REDACTED'
No body was attached to the request
2024-05-31 02:20:49,313 - INFO - Response status: 200
Response headers:
    'Cache-Control': 'no-cache'
    'Pragma': 'no-cache'
    'Content-Length': '134'
    'Content-Type': 'application/json; charset=utf-8'
    'Expires': '-1'
    'Retry-After': '4'
    'x-ms-ratelimit-remaining-resource': 'Microsoft.Compute/GetOperationResource;43,Microsoft.Compute/GetOperationSubscriptionMaximum;14998'
    'Strict-Transport-Security': 'REDACTED'
    'x-ms-request-id': '4cfa25c7-8d66-4a5c-958b-4a2ea84e7e25'
    'x-ms-ratelimit-remaining-subscription-reads': '11994'
    'x-ms-correlation-request-id': 'REDACTED'
    'x-ms-routing-request-id': 'REDACTED'
    'X-Content-Type-Options': 'REDACTED'
    'X-Cache': 'REDACTED'
    'X-MSEdge-Ref': 'REDACTED'
    'Date': 'Fri, 31 May 2024 05:20:48 GMT'
2024-05-31 02:20:53,317 - INFO - Request URL: 'https://management.azure.com/subscriptions/c65c2f3a-5807-4010-be26-9f1bd8ae3d9f/providers/Microsoft.Compute/locations/eastus/operations/211c6e99-c40b-4829-b091-1bd3e0382735?p=REDACTED&api-version=REDACTED&t=REDACTED&c=REDACTED&s=REDACTED&h=REDACTED'
Request method: 'GET'
Request headers:
    'x-ms-client-request-id': '85d34fa8-1f0d-11ef-93d2-e2cee30b9ab4'
    'User-Agent': 'azsdk-python-azure-mgmt-compute/31.0.0 Python/3.11.2 (macOS-14.5-arm64-arm-64bit)'
    'Authorization': 'REDACTED'
No body was attached to the request
2024-05-31 02:20:53,519 - INFO - Response status: 200
Response headers:
    'Cache-Control': 'no-cache'
    'Pragma': 'no-cache'
    'Content-Length': '134'
    'Content-Type': 'application/json; charset=utf-8'
    'Expires': '-1'
    'Retry-After': '4'
    'x-ms-ratelimit-remaining-resource': 'Microsoft.Compute/GetOperationResource;42,Microsoft.Compute/GetOperationSubscriptionMaximum;14997'
    'Strict-Transport-Security': 'REDACTED'
    'x-ms-request-id': 'adfcba5a-db8e-41c2-814d-2ab7f78cd718'
    'x-ms-ratelimit-remaining-subscription-reads': '11991'
    'x-ms-correlation-request-id': 'REDACTED'
    'x-ms-routing-request-id': 'REDACTED'
    'X-Content-Type-Options': 'REDACTED'
    'X-Cache': 'REDACTED'
    'X-MSEdge-Ref': 'REDACTED'
    'Date': 'Fri, 31 May 2024 05:20:52 GMT'
2024-05-31 02:20:57,526 - INFO - Request URL: 'https://management.azure.com/subscriptions/c65c2f3a-5807-4010-be26-9f1bd8ae3d9f/providers/Microsoft.Compute/locations/eastus/operations/211c6e99-c40b-4829-b091-1bd3e0382735?p=REDACTED&api-version=REDACTED&t=REDACTED&c=REDACTED&s=REDACTED&h=REDACTED'
Request method: 'GET'
Request headers:
    'x-ms-client-request-id': '85d34fa8-1f0d-11ef-93d2-e2cee30b9ab4'
    'User-Agent': 'azsdk-python-azure-mgmt-compute/31.0.0 Python/3.11.2 (macOS-14.5-arm64-arm-64bit)'
    'Authorization': 'REDACTED'
No body was attached to the request
2024-05-31 02:20:57,729 - INFO - Response status: 200
Response headers:
    'Cache-Control': 'no-cache'
    'Pragma': 'no-cache'
    'Content-Length': '134'
    'Content-Type': 'application/json; charset=utf-8'
    'Expires': '-1'
    'Retry-After': '4'
    'x-ms-ratelimit-remaining-resource': 'Microsoft.Compute/GetOperationResource;41,Microsoft.Compute/GetOperationSubscriptionMaximum;14996'
    'Strict-Transport-Security': 'REDACTED'
    'x-ms-request-id': '674fc243-95d2-4713-b0b3-629a819bfd96'
    'x-ms-ratelimit-remaining-subscription-reads': '11996'
    'x-ms-correlation-request-id': 'REDACTED'
    'x-ms-routing-request-id': 'REDACTED'
    'X-Content-Type-Options': 'REDACTED'
    'X-Cache': 'REDACTED'
    'X-MSEdge-Ref': 'REDACTED'
    'Date': 'Fri, 31 May 2024 05:20:57 GMT'
2024-05-31 02:21:01,738 - INFO - Request URL: 'https://management.azure.com/subscriptions/c65c2f3a-5807-4010-be26-9f1bd8ae3d9f/providers/Microsoft.Compute/locations/eastus/operations/211c6e99-c40b-4829-b091-1bd3e0382735?p=REDACTED&api-version=REDACTED&t=REDACTED&c=REDACTED&s=REDACTED&h=REDACTED'
Request method: 'GET'
Request headers:
    'x-ms-client-request-id': '85d34fa8-1f0d-11ef-93d2-e2cee30b9ab4'
    'User-Agent': 'azsdk-python-azure-mgmt-compute/31.0.0 Python/3.11.2 (macOS-14.5-arm64-arm-64bit)'
    'Authorization': 'REDACTED'
No body was attached to the request
2024-05-31 02:21:02,207 - INFO - Response status: 200
Response headers:
    'Cache-Control': 'no-cache'
    'Pragma': 'no-cache'
    'Content-Length': '134'
    'Content-Type': 'application/json; charset=utf-8'
    'Expires': '-1'
    'Retry-After': '4'
    'x-ms-ratelimit-remaining-resource': 'Microsoft.Compute/GetOperationResource;40,Microsoft.Compute/GetOperationSubscriptionMaximum;14995'
    'Strict-Transport-Security': 'REDACTED'
    'x-ms-request-id': 'b954e1a9-30bf-447b-aa84-5badf3a0fda0'
    'x-ms-ratelimit-remaining-subscription-reads': '11995'
    'x-ms-correlation-request-id': 'REDACTED'
    'x-ms-routing-request-id': 'REDACTED'
    'X-Content-Type-Options': 'REDACTED'
    'X-Cache': 'REDACTED'
    'X-MSEdge-Ref': 'REDACTED'
    'Date': 'Fri, 31 May 2024 05:21:01 GMT'
2024-05-31 02:21:06,228 - INFO - Request URL: 'https://management.azure.com/subscriptions/c65c2f3a-5807-4010-be26-9f1bd8ae3d9f/providers/Microsoft.Compute/locations/eastus/operations/211c6e99-c40b-4829-b091-1bd3e0382735?p=REDACTED&api-version=REDACTED&t=REDACTED&c=REDACTED&s=REDACTED&h=REDACTED'
Request method: 'GET'
Request headers:
    'x-ms-client-request-id': '85d34fa8-1f0d-11ef-93d2-e2cee30b9ab4'
    'User-Agent': 'azsdk-python-azure-mgmt-compute/31.0.0 Python/3.11.2 (macOS-14.5-arm64-arm-64bit)'
    'Authorization': 'REDACTED'
No body was attached to the request
2024-05-31 02:21:07,015 - INFO - Response status: 200
Response headers:
    'Cache-Control': 'no-cache'
    'Pragma': 'no-cache'
    'Content-Length': '184'
    'Content-Type': 'application/json; charset=utf-8'
    'Expires': '-1'
    'x-ms-ratelimit-remaining-resource': 'Microsoft.Compute/GetOperationResource;38,Microsoft.Compute/GetOperationSubscriptionMaximum;14993'
    'Strict-Transport-Security': 'REDACTED'
    'x-ms-request-id': '6eaf4ef8-e18e-459b-a383-46cc00afe38d'
    'x-ms-ratelimit-remaining-subscription-reads': '11994'
    'x-ms-correlation-request-id': 'REDACTED'
    'x-ms-routing-request-id': 'REDACTED'
    'X-Content-Type-Options': 'REDACTED'
    'X-Cache': 'REDACTED'
    'X-MSEdge-Ref': 'REDACTED'
    'Date': 'Fri, 31 May 2024 05:21:06 GMT'
2024-05-31 02:21:07,019 - INFO - Request URL: 'https://management.azure.com/subscriptions/c65c2f3a-5807-4010-be26-9f1bd8ae3d9f/resourceGroups/python-testing/providers/Microsoft.Compute/virtualMachines/pytesting-vm?api-version=REDACTED'
Request method: 'GET'
Request headers:
    'x-ms-client-request-id': '85d34fa8-1f0d-11ef-93d2-e2cee30b9ab4'
    'User-Agent': 'azsdk-python-azure-mgmt-compute/31.0.0 Python/3.11.2 (macOS-14.5-arm64-arm-64bit)'
    'Authorization': 'REDACTED'
No body was attached to the request
2024-05-31 02:21:07,600 - INFO - Response status: 200
Response headers:
    'Cache-Control': 'no-cache'
    'Pragma': 'no-cache'
    'Content-Length': '2014'
    'Content-Type': 'application/json; charset=utf-8'
    'Expires': '-1'
    'x-ms-ratelimit-remaining-resource': 'Microsoft.Compute/LowCostGetSubscriptionMaximum;23998,Microsoft.Compute/LowCostGetResource;34'
    'Strict-Transport-Security': 'REDACTED'
    'x-ms-request-id': '53c7c6a2-821b-4f68-a9e0-fcd98d0722ff'
    'x-ms-ratelimit-remaining-subscription-reads': '11992'
    'x-ms-correlation-request-id': 'REDACTED'
    'x-ms-routing-request-id': 'REDACTED'
    'X-Content-Type-Options': 'REDACTED'
    'X-Cache': 'REDACTED'
    'X-MSEdge-Ref': 'REDACTED'
    'Date': 'Fri, 31 May 2024 05:21:06 GMT'
2024-05-31 02:21:07,603 - INFO - Virtual machine created.
2024-05-31 02:21:09,347 - INFO - AzureCliCredential.get_token succeeded
2024-05-31 02:21:09,348 - INFO - DefaultAzureCredential acquired a token from AzureCliCredential
2024-05-31 02:21:09,349 - INFO - Request URL: 'https://management.azure.com/subscriptions/c65c2f3a-5807-4010-be26-9f1bd8ae3d9f/resourceGroups/python-testing/providers/Microsoft.Sql/servers/pytesting-sql-server?api-version=REDACTED'
Request method: 'GET'
Request headers:
    'Accept': 'application/json'
    'x-ms-client-request-id': '958fe514-1f0d-11ef-93d2-e2cee30b9ab4'
    'User-Agent': 'azsdk-python-mgmt-sql/3.0.1 Python/3.11.2 (macOS-14.5-arm64-arm-64bit)'
    'Authorization': 'REDACTED'
No body was attached to the request
2024-05-31 02:21:10,240 - INFO - Response status: 200
Response headers:
    'Cache-Control': 'no-cache'
    'Pragma': 'no-cache'
    'Content-Length': '537'
    'Content-Type': 'application/json; charset=utf-8'
    'Expires': '-1'
    'x-ms-request-id': '097074e9-3e79-47f0-b89d-9f2921cee3d4'
    'x-ms-ratelimit-remaining-subscription-reads': '11988'
    'x-ms-correlation-request-id': 'REDACTED'
    'x-ms-routing-request-id': 'REDACTED'
    'Strict-Transport-Security': 'REDACTED'
    'X-Content-Type-Options': 'REDACTED'
    'X-Cache': 'REDACTED'
    'X-MSEdge-Ref': 'REDACTED'
    'Date': 'Fri, 31 May 2024 05:21:08 GMT'
2024-05-31 02:21:10,284 - INFO - SQL Server found.
2024-05-31 02:21:10,327 - INFO - Request URL: 'https://management.azure.com/subscriptions/c65c2f3a-5807-4010-be26-9f1bd8ae3d9f/resourceGroups/python-testing/providers/Microsoft.Sql/servers/pytesting-sql-server/databases/pytesting-database?api-version=REDACTED'
Request method: 'PUT'
Request headers:
    'Content-Type': 'application/json'
    'Accept': 'application/json'
    'Content-Length': '45'
    'x-ms-client-request-id': '972f2b32-1f0d-11ef-93d2-e2cee30b9ab4'
    'User-Agent': 'azsdk-python-mgmt-sql/3.0.1 Python/3.11.2 (macOS-14.5-arm64-arm-64bit)'
    'Authorization': 'REDACTED'
A body is sent with the request
2024-05-31 02:21:11,694 - INFO - Response status: 202
Response headers:
    'Cache-Control': 'no-cache'
    'Pragma': 'no-cache'
    'Content-Length': '76'
    'Content-Type': 'application/json; charset=utf-8'
    'Expires': '-1'
    'Location': 'REDACTED'
    'Retry-After': '15'
    'Azure-AsyncOperation': 'REDACTED'
    'x-ms-request-id': 'b622dd42-6650-44bd-9126-358b4620eec0'
    'x-ms-ratelimit-remaining-subscription-writes': '1199'
    'x-ms-correlation-request-id': 'REDACTED'
    'x-ms-routing-request-id': 'REDACTED'
    'Strict-Transport-Security': 'REDACTED'
    'X-Content-Type-Options': 'REDACTED'
    'X-Cache': 'REDACTED'
    'X-MSEdge-Ref': 'REDACTED'
    'Date': 'Fri, 31 May 2024 05:21:10 GMT'
2024-05-31 02:21:11,698 - INFO - Request URL: 'https://management.azure.com/subscriptions/c65c2f3a-5807-4010-be26-9f1bd8ae3d9f/resourceGroups/python-testing/providers/Microsoft.Sql/locations/eastus/databaseAzureAsyncOperation/b622dd42-6650-44bd-9126-358b4620eec0?api-version=REDACTED&t=REDACTED&c=REDACTED&s=REDACTED&h=REDACTED'
Request method: 'GET'
Request headers:
    'x-ms-client-request-id': '972f2b32-1f0d-11ef-93d2-e2cee30b9ab4'
    'User-Agent': 'azsdk-python-mgmt-sql/3.0.1 Python/3.11.2 (macOS-14.5-arm64-arm-64bit)'
    'Authorization': 'REDACTED'
No body was attached to the request
2024-05-31 02:21:11,998 - INFO - Response status: 200
Response headers:
    'Cache-Control': 'no-cache'
    'Pragma': 'no-cache'
    'Content-Length': '108'
    'Content-Type': 'application/json; charset=utf-8'
    'Expires': '-1'
    'Retry-After': '15'
    'x-ms-request-id': '2c35da09-c7f7-47e4-9137-89fba265127e'
    'x-ms-ratelimit-remaining-subscription-reads': '11991'
    'x-ms-correlation-request-id': 'REDACTED'
    'x-ms-routing-request-id': 'REDACTED'
    'Strict-Transport-Security': 'REDACTED'
    'X-Content-Type-Options': 'REDACTED'
    'X-Cache': 'REDACTED'
    'X-MSEdge-Ref': 'REDACTED'
    'Date': 'Fri, 31 May 2024 05:21:11 GMT'
2024-05-31 02:21:27,007 - INFO - Request URL: 'https://management.azure.com/subscriptions/c65c2f3a-5807-4010-be26-9f1bd8ae3d9f/resourceGroups/python-testing/providers/Microsoft.Sql/locations/eastus/databaseAzureAsyncOperation/b622dd42-6650-44bd-9126-358b4620eec0?api-version=REDACTED&t=REDACTED&c=REDACTED&s=REDACTED&h=REDACTED'
Request method: 'GET'
Request headers:
    'x-ms-client-request-id': '972f2b32-1f0d-11ef-93d2-e2cee30b9ab4'
    'User-Agent': 'azsdk-python-mgmt-sql/3.0.1 Python/3.11.2 (macOS-14.5-arm64-arm-64bit)'
    'Authorization': 'REDACTED'
No body was attached to the request
2024-05-31 02:21:27,265 - INFO - Response status: 200
Response headers:
    'Cache-Control': 'no-cache'
    'Pragma': 'no-cache'
    'Content-Length': '108'
    'Content-Type': 'application/json; charset=utf-8'
    'Expires': '-1'
    'Retry-After': '15'
    'x-ms-request-id': '5f725878-2474-4d5e-ae1d-fa75ebb4da57'
    'x-ms-ratelimit-remaining-subscription-reads': '11991'
    'x-ms-correlation-request-id': 'REDACTED'
    'x-ms-routing-request-id': 'REDACTED'
    'Strict-Transport-Security': 'REDACTED'
    'X-Content-Type-Options': 'REDACTED'
    'X-Cache': 'REDACTED'
    'X-MSEdge-Ref': 'REDACTED'
    'Date': 'Fri, 31 May 2024 05:21:26 GMT'
2024-05-31 02:21:42,274 - INFO - Request URL: 'https://management.azure.com/subscriptions/c65c2f3a-5807-4010-be26-9f1bd8ae3d9f/resourceGroups/python-testing/providers/Microsoft.Sql/locations/eastus/databaseAzureAsyncOperation/b622dd42-6650-44bd-9126-358b4620eec0?api-version=REDACTED&t=REDACTED&c=REDACTED&s=REDACTED&h=REDACTED'
Request method: 'GET'
Request headers:
    'x-ms-client-request-id': '972f2b32-1f0d-11ef-93d2-e2cee30b9ab4'
    'User-Agent': 'azsdk-python-mgmt-sql/3.0.1 Python/3.11.2 (macOS-14.5-arm64-arm-64bit)'
    'Authorization': 'REDACTED'
No body was attached to the request
2024-05-31 02:21:42,501 - INFO - Response status: 200
Response headers:
    'Cache-Control': 'no-cache'
    'Pragma': 'no-cache'
    'Content-Length': '108'
    'Content-Type': 'application/json; charset=utf-8'
    'Expires': '-1'
    'Retry-After': '15'
    'x-ms-request-id': '75be879d-8042-4845-8b01-7692397e8174'
    'x-ms-ratelimit-remaining-subscription-reads': '11988'
    'x-ms-correlation-request-id': 'REDACTED'
    'x-ms-routing-request-id': 'REDACTED'
    'Strict-Transport-Security': 'REDACTED'
    'X-Content-Type-Options': 'REDACTED'
    'X-Cache': 'REDACTED'
    'X-MSEdge-Ref': 'REDACTED'
    'Date': 'Fri, 31 May 2024 05:21:42 GMT'
2024-05-31 02:21:57,512 - INFO - Request URL: 'https://management.azure.com/subscriptions/c65c2f3a-5807-4010-be26-9f1bd8ae3d9f/resourceGroups/python-testing/providers/Microsoft.Sql/locations/eastus/databaseAzureAsyncOperation/b622dd42-6650-44bd-9126-358b4620eec0?api-version=REDACTED&t=REDACTED&c=REDACTED&s=REDACTED&h=REDACTED'
Request method: 'GET'
Request headers:
    'x-ms-client-request-id': '972f2b32-1f0d-11ef-93d2-e2cee30b9ab4'
    'User-Agent': 'azsdk-python-mgmt-sql/3.0.1 Python/3.11.2 (macOS-14.5-arm64-arm-64bit)'
    'Authorization': 'REDACTED'
No body was attached to the request
2024-05-31 02:21:57,882 - INFO - Response status: 200
Response headers:
    'Cache-Control': 'no-cache'
    'Pragma': 'no-cache'
    'Content-Length': '108'
    'Content-Type': 'application/json; charset=utf-8'
    'Expires': '-1'
    'Retry-After': '15'
    'x-ms-request-id': '75364ee0-592e-4aa2-a4f8-a7eaab8ad6f5'
    'x-ms-ratelimit-remaining-subscription-reads': '11991'
    'x-ms-correlation-request-id': 'REDACTED'
    'x-ms-routing-request-id': 'REDACTED'
    'Strict-Transport-Security': 'REDACTED'
    'X-Content-Type-Options': 'REDACTED'
    'X-Cache': 'REDACTED'
    'X-MSEdge-Ref': 'REDACTED'
    'Date': 'Fri, 31 May 2024 05:21:57 GMT'
2024-05-31 02:22:12,892 - INFO - Request URL: 'https://management.azure.com/subscriptions/c65c2f3a-5807-4010-be26-9f1bd8ae3d9f/resourceGroups/python-testing/providers/Microsoft.Sql/locations/eastus/databaseAzureAsyncOperation/b622dd42-6650-44bd-9126-358b4620eec0?api-version=REDACTED&t=REDACTED&c=REDACTED&s=REDACTED&h=REDACTED'
Request method: 'GET'
Request headers:
    'x-ms-client-request-id': '972f2b32-1f0d-11ef-93d2-e2cee30b9ab4'
    'User-Agent': 'azsdk-python-mgmt-sql/3.0.1 Python/3.11.2 (macOS-14.5-arm64-arm-64bit)'
    'Authorization': 'REDACTED'
No body was attached to the request
2024-05-31 02:22:13,166 - INFO - Response status: 200
Response headers:
    'Cache-Control': 'no-cache'
    'Pragma': 'no-cache'
    'Content-Length': '108'
    'Content-Type': 'application/json; charset=utf-8'
    'Expires': '-1'
    'Retry-After': '15'
    'x-ms-request-id': 'b0cd3038-82c2-4360-8d06-03a1df001bc6'
    'x-ms-ratelimit-remaining-subscription-reads': '11989'
    'x-ms-correlation-request-id': 'REDACTED'
    'x-ms-routing-request-id': 'REDACTED'
    'Strict-Transport-Security': 'REDACTED'
    'X-Content-Type-Options': 'REDACTED'
    'X-Cache': 'REDACTED'
    'X-MSEdge-Ref': 'REDACTED'
    'Date': 'Fri, 31 May 2024 05:22:13 GMT'
2024-05-31 02:22:28,174 - INFO - Request URL: 'https://management.azure.com/subscriptions/c65c2f3a-5807-4010-be26-9f1bd8ae3d9f/resourceGroups/python-testing/providers/Microsoft.Sql/locations/eastus/databaseAzureAsyncOperation/b622dd42-6650-44bd-9126-358b4620eec0?api-version=REDACTED&t=REDACTED&c=REDACTED&s=REDACTED&h=REDACTED'
Request method: 'GET'
Request headers:
    'x-ms-client-request-id': '972f2b32-1f0d-11ef-93d2-e2cee30b9ab4'
    'User-Agent': 'azsdk-python-mgmt-sql/3.0.1 Python/3.11.2 (macOS-14.5-arm64-arm-64bit)'
    'Authorization': 'REDACTED'
No body was attached to the request
2024-05-31 02:22:28,452 - INFO - Response status: 200
Response headers:
    'Cache-Control': 'no-cache'
    'Pragma': 'no-cache'
    'Content-Length': '107'
    'Content-Type': 'application/json; charset=utf-8'
    'Expires': '-1'
    'Retry-After': '15'
    'x-ms-request-id': '824abbfc-1314-47e4-8a75-c8c26fdfb31c'
    'x-ms-ratelimit-remaining-subscription-reads': '11984'
    'x-ms-correlation-request-id': 'REDACTED'
    'x-ms-routing-request-id': 'REDACTED'
    'Strict-Transport-Security': 'REDACTED'
    'X-Content-Type-Options': 'REDACTED'
    'X-Cache': 'REDACTED'
    'X-MSEdge-Ref': 'REDACTED'
    'Date': 'Fri, 31 May 2024 05:22:28 GMT'
2024-05-31 02:22:28,453 - INFO - Request URL: 'https://management.azure.com/subscriptions/c65c2f3a-5807-4010-be26-9f1bd8ae3d9f/resourceGroups/python-testing/providers/Microsoft.Sql/servers/pytesting-sql-server/databases/pytesting-database?api-version=REDACTED'
Request method: 'GET'
Request headers:
    'x-ms-client-request-id': '972f2b32-1f0d-11ef-93d2-e2cee30b9ab4'
    'User-Agent': 'azsdk-python-mgmt-sql/3.0.1 Python/3.11.2 (macOS-14.5-arm64-arm-64bit)'
    'Authorization': 'REDACTED'
No body was attached to the request
2024-05-31 02:22:28,855 - INFO - Response status: 200
Response headers:
    'Cache-Control': 'no-cache'
    'Pragma': 'no-cache'
    'Content-Length': '1108'
    'Content-Type': 'application/json; charset=utf-8'
    'Expires': '-1'
    'x-ms-request-id': 'd21a78bb-9678-405f-b6eb-f3ce83b475af'
    'x-ms-ratelimit-remaining-subscription-reads': '11992'
    'x-ms-correlation-request-id': 'REDACTED'
    'x-ms-routing-request-id': 'REDACTED'
    'Strict-Transport-Security': 'REDACTED'
    'X-Content-Type-Options': 'REDACTED'
    'X-Cache': 'REDACTED'
    'X-MSEdge-Ref': 'REDACTED'
    'Date': 'Fri, 31 May 2024 05:22:28 GMT'
2024-05-31 02:22:28,858 - INFO - SQL Database ensured.
2024-05-31 02:22:29,372 - INFO - AzureCliCredential.get_token succeeded
2024-05-31 02:22:29,372 - INFO - DefaultAzureCredential acquired a token from AzureCliCredential
2024-05-31 02:22:29,372 - INFO - Request URL: 'https://management.azure.com/subscriptions/c65c2f3a-5807-4010-be26-9f1bd8ae3d9f/resourceGroups/python-testing/providers/Microsoft.Storage/storageAccounts/pytestingstorageaccount?api-version=REDACTED'
Request method: 'GET'
Request headers:
    'Accept': 'application/json'
    'x-ms-client-request-id': 'c605ced4-1f0d-11ef-93d2-e2cee30b9ab4'
    'User-Agent': 'azsdk-python-azure-mgmt-storage/21.1.0 Python/3.11.2 (macOS-14.5-arm64-arm-64bit)'
    'Authorization': 'REDACTED'
No body was attached to the request
2024-05-31 02:22:29,633 - INFO - Response status: 404
Response headers:
    'Cache-Control': 'no-cache'
    'Pragma': 'no-cache'
    'Content-Length': '259'
    'Content-Type': 'application/json; charset=utf-8'
    'Expires': '-1'
    'x-ms-failure-cause': 'REDACTED'
    'x-ms-request-id': '0c5bb77a-315e-45bd-947e-e6b03d16874f'
    'x-ms-correlation-request-id': 'REDACTED'
    'x-ms-routing-request-id': 'REDACTED'
    'Strict-Transport-Security': 'REDACTED'
    'X-Content-Type-Options': 'REDACTED'
    'X-Cache': 'REDACTED'
    'X-MSEdge-Ref': 'REDACTED'
    'Date': 'Fri, 31 May 2024 05:22:29 GMT'
2024-05-31 02:22:29,637 - INFO - Request URL: 'https://management.azure.com/subscriptions/c65c2f3a-5807-4010-be26-9f1bd8ae3d9f/resourceGroups/python-testing/providers/Microsoft.Storage/storageAccounts/pytestingstorageaccount?api-version=REDACTED'
Request method: 'PUT'
Request headers:
    'Content-Type': 'application/json'
    'Content-Length': '78'
    'Accept': 'application/json'
    'x-ms-client-request-id': 'c6750bf0-1f0d-11ef-93d2-e2cee30b9ab4'
    'User-Agent': 'azsdk-python-azure-mgmt-storage/21.1.0 Python/3.11.2 (macOS-14.5-arm64-arm-64bit)'
    'Authorization': 'REDACTED'
A body is sent with the request
2024-05-31 02:22:32,803 - INFO - Response status: 202
Response headers:
    'Cache-Control': 'no-cache'
    'Pragma': 'no-cache'
    'Content-Type': 'text/plain; charset=utf-8'
    'Expires': '-1'
    'Location': 'REDACTED'
    'Retry-After': '17'
    'x-ms-request-id': 'c9f36f2f-ffdb-4352-802b-558bcb2c7508'
    'Strict-Transport-Security': 'REDACTED'
    'x-ms-ratelimit-remaining-subscription-writes': '1198'
    'x-ms-correlation-request-id': 'REDACTED'
    'x-ms-routing-request-id': 'REDACTED'
    'X-Content-Type-Options': 'REDACTED'
    'X-Cache': 'REDACTED'
    'X-MSEdge-Ref': 'REDACTED'
    'Date': 'Fri, 31 May 2024 05:22:32 GMT'
    'Content-Length': '0'
2024-05-31 02:22:32,805 - INFO - Request URL: 'https://management.azure.com/subscriptions/c65c2f3a-5807-4010-be26-9f1bd8ae3d9f/providers/Microsoft.Storage/locations/eastus/asyncoperations/c9f36f2f-ffdb-4352-802b-558bcb2c7508?monitor=REDACTED&api-version=REDACTED&t=REDACTED&c=REDACTED&s=REDACTED&h=REDACTED'
Request method: 'GET'
Request headers:
    'x-ms-client-request-id': 'c6750bf0-1f0d-11ef-93d2-e2cee30b9ab4'
    'User-Agent': 'azsdk-python-azure-mgmt-storage/21.1.0 Python/3.11.2 (macOS-14.5-arm64-arm-64bit)'
    'Authorization': 'REDACTED'
No body was attached to the request
2024-05-31 02:22:33,054 - INFO - Response status: 202
Response headers:
    'Cache-Control': 'no-cache'
    'Pragma': 'no-cache'
    'Content-Type': 'text/plain; charset=utf-8'
    'Expires': '-1'
    'Location': 'REDACTED'
    'Retry-After': '17'
    'x-ms-request-id': '9f714ed6-4289-4e4e-8e5a-f842f263d11e'
    'Strict-Transport-Security': 'REDACTED'
    'x-ms-ratelimit-remaining-subscription-reads': '11990'
    'x-ms-correlation-request-id': 'REDACTED'
    'x-ms-routing-request-id': 'REDACTED'
    'X-Content-Type-Options': 'REDACTED'
    'X-Cache': 'REDACTED'
    'X-MSEdge-Ref': 'REDACTED'
    'Date': 'Fri, 31 May 2024 05:22:32 GMT'
    'Content-Length': '0'
2024-05-31 02:22:50,064 - INFO - Request URL: 'https://management.azure.com/subscriptions/c65c2f3a-5807-4010-be26-9f1bd8ae3d9f/providers/Microsoft.Storage/locations/eastus/asyncoperations/c9f36f2f-ffdb-4352-802b-558bcb2c7508?monitor=REDACTED&api-version=REDACTED&t=REDACTED&c=REDACTED&s=REDACTED&h=REDACTED'
Request method: 'GET'
Request headers:
    'x-ms-client-request-id': 'c6750bf0-1f0d-11ef-93d2-e2cee30b9ab4'
    'User-Agent': 'azsdk-python-azure-mgmt-storage/21.1.0 Python/3.11.2 (macOS-14.5-arm64-arm-64bit)'
    'Authorization': 'REDACTED'
No body was attached to the request
2024-05-31 02:22:50,296 - INFO - Response status: 200
Response headers:
    'Cache-Control': 'no-cache'
    'Pragma': 'no-cache'
    'Content-Length': '1980'
    'Content-Type': 'application/json'
    'Expires': '-1'
    'x-ms-request-id': '512940dc-3cc0-4494-99fc-206d3c97e02b'
    'Strict-Transport-Security': 'REDACTED'
    'x-ms-ratelimit-remaining-subscription-reads': '11989'
    'x-ms-correlation-request-id': 'REDACTED'
    'x-ms-routing-request-id': 'REDACTED'
    'X-Content-Type-Options': 'REDACTED'
    'X-Cache': 'REDACTED'
    'X-MSEdge-Ref': 'REDACTED'
    'Date': 'Fri, 31 May 2024 05:22:50 GMT'
2024-05-31 02:22:50,301 - INFO - Storage account created.
